  % Total    % Received % Xferd  Average Speed   Time    Time     Time  Current
                                 Dload  Upload   Total   Spent    Left  Speed
  0     0    0     0    0     0      0      0 --:--:-- --:--:-- --:--:--     0* Host ec2-18-116-26-30.us-east-2.compute.amazonaws.com:80 was resolved.
* IPv6: (none)
* IPv4: 18.116.26.30
*   Trying 18.116.26.30:80...
* Connected to ec2-18-116-26-30.us-east-2.compute.amazonaws.com (18.116.26.30) port 80
> GET / HTTP/1.1
> Host: ec2-18-116-26-30.us-east-2.compute.amazonaws.com
> User-Agent: curl/8.5.0
> Accept: */*
> Cookie: login=eyJ1c2VybmFtZSI6ImF3ZGVvcmlvIn0.ZwxJMw.KJrZjMUJo9I8KyHFsrOb5FpHN1E
> 
< HTTP/1.1 200 OK
< Server: nginx/1.24.0 (Ubuntu)
< Date: Sun, 13 Oct 2024 22:33:19 GMT
< Content-Type: text/html; charset=utf-8
< Content-Length: 1021
< Connection: keep-alive
< Vary: Cookie
< 
{ [1021 bytes data]
100  1021  100  1021    0     0  12707      0 --:--:-- --:--:-- --:--:-- 12762
* Connection #0 to host ec2-18-116-26-30.us-east-2.compute.amazonaws.com left intact
